<?xml version="1.0" encoding="UTF-8"?>
<!-- Generated by org.testng.reporters.JUnitReportReporter -->
<testsuite hostname="M4L-FAC-SUNIL" name="test.Test_New" tests="2" failures="0" timestamp="5 Jun 2018 04:00:03 GMT" time="0.015" errors="0">
  <testcase name="Test" time="0.015" classname="test.Test_New"/>
  <testcase name="f" time="0.000" classname="test.Test_New"/>
</testsuite> <!-- test.Test_New -->
